TN:
SF:/Users/Skyward/median.js/index.js
FN:6,(anonymous_1)
FN:18,(anonymous_2)
FN:43,(anonymous_3)
FN:52,(anonymous_4)
FNF:4
FNH:4
FNDA:1,(anonymous_1)
FNDA:2,(anonymous_2)
FNDA:1,(anonymous_3)
FNDA:1,(anonymous_4)
DA:2,1
DA:4,1
DA:6,1
DA:7,1
DA:9,1
DA:12,1
DA:13,1
DA:15,1
DA:18,1
DA:19,2
DA:20,2
DA:22,2
DA:23,2
DA:24,2
DA:26,2
DA:27,7
DA:28,7
DA:30,4
DA:33,7
DA:34,4
DA:35,4
DA:40,2
DA:43,1
DA:44,1
DA:45,1
DA:46,4
DA:47,4
DA:49,1
DA:52,1
DA:54,1
DA:57,1
DA:58,1
LF:32
LH:32
BRDA:28,1,0,4
BRDA:28,1,1,3
BRDA:33,2,0,4
BRDA:33,2,1,3
BRF:4
BRH:4
end_of_record
