TN:
SF:/Users/Skyward/median.js/index.js
FN:3,(anonymous_1)
FN:13,(anonymous_2)
FN:38,(anonymous_3)
FN:47,(anonymous_4)
FNF:4
FNH:4
FNDA:1,(anonymous_1)
FNDA:2,(anonymous_2)
FNDA:2,(anonymous_3)
FNDA:1,(anonymous_4)
DA:1,1
DA:3,1
DA:4,1
DA:7,1
DA:8,1
DA:10,1
DA:13,1
DA:14,2
DA:15,2
DA:17,2
DA:18,2
DA:19,2
DA:21,2
DA:22,7
DA:23,7
DA:25,4
DA:28,7
DA:29,4
DA:30,4
DA:35,2
DA:38,1
DA:39,2
DA:40,2
DA:41,8
DA:42,8
DA:44,2
DA:47,1
DA:49,1
DA:52,1
DA:53,1
LF:30
LH:30
BRDA:23,1,0,4
BRDA:23,1,1,3
BRDA:28,2,0,4
BRDA:28,2,1,3
BRF:4
BRH:4
end_of_record
